TN:
SF:src/1-basic/math.ts
FN:1,(anonymous_0)
FN:2,(anonymous_1)
FN:3,(anonymous_2)
FN:4,(anonymous_3)
FNF:4
FNH:4
FNDA:1,(anonymous_0)
FNDA:1,(anonymous_1)
FNDA:1,(anonymous_2)
FNDA:1,(anonymous_3)
DA:1,1
DA:2,1
DA:3,1
DA:4,1
LF:4
LH:4
BRF:0
BRH:0
end_of_record
TN:
SF:src/2-spy-basic/product.ts
FN:5,(anonymous_0)
FN:14,(anonymous_1)
FN:21,(anonymous_2)
FNF:3
FNH:3
FNDA:2,(anonymous_0)
FNDA:2,(anonymous_1)
FNDA:1,(anonymous_2)
DA:1,1
DA:5,1
DA:6,2
DA:7,1
DA:9,1
DA:14,1
DA:15,2
DA:16,1
DA:18,1
DA:21,1
DA:22,1
DA:23,1
DA:24,1
DA:25,1
LF:14
LH:14
BRDA:6,0,0,1
BRDA:6,0,1,1
BRDA:15,1,0,1
BRDA:15,1,1,1
BRF:4
BRH:4
end_of_record
TN:
SF:src/3-spy-split-module/inventory.ts
FN:2,decrease
FNF:1
FNH:1
FNDA:1,decrease
DA:1,1
DA:2,1
DA:3,1
DA:4,1
DA:6,0
LF:5
LH:4
BRDA:3,0,0,1
BRDA:3,0,1,0
BRF:2
BRH:1
end_of_record
TN:
SF:src/3-spy-split-module/orderService.ts
FN:2,buy
FNF:1
FNH:1
FNDA:2,buy
DA:1,1
DA:3,2
DA:4,1
DA:6,1
DA:8,1
LF:5
LH:5
BRDA:3,0,0,1
BRDA:3,0,1,1
BRF:2
BRH:2
end_of_record
TN:
SF:src/4-mock-class-manual/orderService.ts
FN:3,(anonymous_0)
FN:6,OrderService
FN:9,(anonymous_2)
FNF:3
FNH:3
FNDA:1,(anonymous_0)
FNDA:2,OrderService
FNDA:2,(anonymous_2)
DA:1,1
DA:2,1
DA:3,1
DA:7,2
DA:9,1
DA:10,2
DA:11,2
DA:13,1
DA:15,1
LF:9
LH:9
BRF:0
BRH:0
end_of_record
TN:
SF:src/5-mock-class-factory/orderService.ts
FN:3,(anonymous_0)
FN:6,OrderService
FN:9,(anonymous_2)
FNF:3
FNH:3
FNDA:1,(anonymous_0)
FNDA:2,OrderService
FNDA:2,(anonymous_2)
DA:1,1
DA:2,1
DA:3,1
DA:7,2
DA:9,1
DA:10,2
DA:11,2
DA:13,1
DA:15,1
LF:9
LH:9
BRF:0
BRH:0
end_of_record
TN:
SF:src/6-mock-manual/orderService.ts
FN:2,buy
FNF:1
FNH:1
FNDA:2,buy
DA:1,1
DA:3,2
DA:4,1
DA:6,1
DA:8,1
LF:5
LH:5
BRDA:3,0,0,1
BRDA:3,0,1,1
BRF:2
BRH:2
end_of_record
TN:
SF:src/7-mock-other/sound-player-consumer.ts
FN:3,(anonymous_0)
FN:5,SoundPlayerConsumer
FN:9,(anonymous_2)
FNF:3
FNH:3
FNDA:1,(anonymous_0)
FNDA:3,SoundPlayerConsumer
FNDA:1,(anonymous_2)
DA:1,1
DA:3,1
DA:6,3
DA:9,1
DA:10,1
DA:11,1
DA:13,1
LF:7
LH:7
BRF:0
BRH:0
end_of_record
TN:
SF:src/7-mock-other/sound-player.ts
FN:1,(anonymous_0)
FN:3,SoundPlayer
FN:7,(anonymous_2)
FN:10,(anonymous_3)
FN:11,(anonymous_4)
FNF:5
FNH:4
FNDA:1,(anonymous_0)
FNDA:1,SoundPlayer
FNDA:0,(anonymous_2)
FNDA:1,(anonymous_3)
FNDA:3,(anonymous_4)
DA:1,1
DA:4,1
DA:7,1
DA:8,0
DA:10,1
DA:11,3
DA:13,1
LF:7
LH:6
BRF:0
BRH:0
end_of_record
